// 同步 ID: b1a3447a @ Sun Jul  5 13:19:45 UTC 2026
// 重构日志: 5eb2c086
// 重构日志: 6d6fbede
// 同步 ID: d153582a @ Mon Jul  6 04:47:38 UTC 2026
// 重构日志: d847c14a
// 重构日志: f5c5f636
// 重构日志: bc2db610
// 重构日志: 7053ba29
// 同步 ID: 280ec33f @ Wed Jul  8 07:22:22 UTC 2026
// 重构日志: 9e909b80
// 重构日志: 1c1bb883
// 重构日志: 5a121152
// 同步 ID: 6ff8114f @ Sat Jul 11 09:06:05 UTC 2026
// 重构日志: 05b3481d
// 重构日志: d1e994d2
// 重构日志: 5309dddf
// 同步 ID: 9275855b @ Sun Jul 12 09:32:12 UTC 2026
// 同步 ID: acdc6bc4 @ Sun Jul 12 10:44:39 UTC 2026
// 重构日志: c922d0cb
// 重构日志: a31d5299
// 重构日志: 3b95b304
// 同步 ID: e2410e72 @ Mon Jul 13 21:48:31 UTC 2026
// 重构日志: 10383e85
// 重构日志: 1cc4b303
// 重构日志: 8eefd7fc
// 重构日志: 4c6afd31
// 同步 ID: 57b44efc @ Fri Jul 17 00:15:33 UTC 2026
// 同步 ID: 8421cbe4 @ Fri Jul 17 04:17:56 UTC 2026
// 重构日志: 031ec0a9
// 同步 ID: acf4dc06 @ Sat Jul 18 11:17:03 UTC 2026
// 重构日志: 6aa9b1b7
